# JRE version: Java(TM) SE Runtime Environment (8.0_201-b09) (build 1.8.0_201-b09)
# Java VM: Java HotSpot(TM) 64-Bit Server VM (25.201-b09 mixed mode linux-amd64 compressed oops)
Heap:
 PSYoungGen      total 260096K, used 71464K [0x00000000eab00000, 0x00000000fef80000, 0x0000000100000000)
  eden space 243200K, 25% used [0x00000000eab00000,0x00000000ee80a278,0x00000000f9880000)
  from space 16896K, 53% used [0x00000000f9880000,0x00000000fa140060,0x00000000fa900000)
  to   space 16384K, 0% used [0x00000000fdf80000,0x00000000fdf80000,0x00000000fef80000)
 ParOldGen       total 107520K, used 57827K [0x00000000c0000000, 0x00000000c6900000, 0x00000000eab00000)
  object space 107520K, 53% used [0x00000000c0000000,0x00000000c3878ed8,0x00000000c6900000)
 Metaspace       used 58247K, capacity 59352K, committed 61016K, reserved 1101824K
  class space    used 7810K, capacity 8144K, committed 8536K, reserved 1048576K
GC Heap History (10 events):
Event: 2061.220 GC heap before
{Heap before GC invocations=24 (full 2):
 PSYoungGen      total 167936K, used 63458K [0x00000000eab00000, 0x00000000f7d80000, 0x0000000100000000)
  eden space 154112K, 34% used [0x00000000eab00000,0x00000000edf5a108,0x00000000f4180000)
  from space 13824K, 71% used [0x00000000f4180000,0x00000000f4b1e730,0x00000000f4f00000)
  to   space 14336K, 0% used [0x00000000f6f80000,0x00000000f6f80000,0x00000000f7d80000)
 ParOldGen       total 74240K, used 55357K [0x00000000c0000000, 0x00000000c4880000, 0x00000000eab00000)
  object space 74240K, 74% used [0x00000000c0000000,0x00000000c360f7f0,0x00000000c4880000)
 Metaspace       used 57325K, capacity 58936K, committed 59096K, reserved 1099776K
  class space    used 7810K, capacity 8338K, committed 8408K, reserved 1048576K
Event: 2061.253 GC heap after
Heap after GC invocations=24 (full 2):
 PSYoungGen      total 199680K, used 12034K [0x00000000eab00000, 0x00000000f8e00000, 0x0000000100000000)
  eden space 185344K, 0% used [0x00000000eab00000,0x00000000eab00000,0x00000000f6000000)
  from space 14336K, 83% used [0x00000000f6f80000,0x00000000f7b40a70,0x00000000f7d80000)
  to   space 15872K, 0% used [0x00000000f6000000,0x00000000f6000000,0x00000000f6f80000)
 ParOldGen       total 74240K, used 55389K [0x00000000c0000000, 0x00000000c4880000, 0x00000000eab00000)
  object space 74240K, 74% used [0x00000000c0000000,0x00000000c36177f0,0x00000000c4880000)
 Metaspace       used 57325K, capacity 58936K, committed 59096K, reserved 1099776K
  class space    used 7810K, capacity 8338K, committed 8408K, reserved 1048576K
}
Event: 2061.253 GC heap before
{Heap before GC invocations=25 (full 3):
 PSYoungGen      total 199680K, used 12034K [0x00000000eab00000, 0x00000000f8e00000, 0x0000000100000000)
  eden space 185344K, 0% used [0x00000000eab00000,0x00000000eab00000,0x00000000f6000000)
  from space 14336K, 83% used [0x00000000f6f80000,0x00000000f7b40a70,0x00000000f7d80000)
  to   space 15872K, 0% used [0x00000000f6000000,0x00000000f6000000,0x00000000f6f80000)
 ParOldGen       total 74240K, used 55389K [0x00000000c0000000, 0x00000000c4880000, 0x00000000eab00000)
  object space 74240K, 74% used [0x00000000c0000000,0x00000000c36177f0,0x00000000c4880000)
 Metaspace       used 57325K, capacity 58936K, committed 59096K, reserved 1099776K
  class space    used 7810K, capacity 8338K, committed 8408K, reserved 1048576K
Event: 2061.539 GC heap after
Heap after GC invocations=25 (full 3):
 PSYoungGen      total 199680K, used 0K [0x00000000eab00000, 0x00000000f8e00000, 0x0000000100000000)
  eden space 185344K, 0% used [0x00000000eab00000,0x00000000eab00000,0x00000000f6000000)
  from space 14336K, 0% used [0x00000000f6f80000,0x00000000f6f80000,0x00000000f7d80000)
  to   space 15872K, 0% used [0x00000000f6000000,0x00000000f6000000,0x00000000f6f80000)
 ParOldGen       total 107520K, used 40591K [0x00000000c0000000, 0x00000000c6900000, 0x00000000eab00000)
  object space 107520K, 37% used [0x00000000c0000000,0x00000000c27a3cd0,0x00000000c6900000)
 Metaspace       used 56380K, capacity 57322K, committed 59096K, reserved 1099776K
  class space    used 7583K, capacity 7893K, committed 8408K, reserved 1048576K
}
Event: 2064.954 GC heap before
{Heap before GC invocations=26 (full 3):
 PSYoungGen      total 199680K, used 185344K [0x00000000eab00000, 0x00000000f8e00000, 0x0000000100000000)
  eden space 185344K, 100% used [0x00000000eab00000,0x00000000f6000000,0x00000000f6000000)
  from space 14336K, 0% used [0x00000000f6f80000,0x00000000f6f80000,0x00000000f7d80000)
  to   space 15872K, 0% used [0x00000000f6000000,0x00000000f6000000,0x00000000f6f80000)
 ParOldGen       total 107520K, used 40591K [0x00000000c0000000, 0x00000000c6900000, 0x00000000eab00000)
  object space 107520K, 37% used [0x00000000c0000000,0x00000000c27a3cd0,0x00000000c6900000)
 Metaspace       used 57677K, capacity 58794K, committed 60504K, reserved 1101824K
  class space    used 7739K, capacity 8085K, committed 8536K, reserved 1048576K
Event: 2064.991 GC heap after
Heap after GC invocations=26 (full 3):
 PSYoungGen      total 201216K, used 13351K [0x00000000eab00000, 0x00000000fba00000, 0x0000000100000000)
  eden space 185344K, 0% used [0x00000000eab00000,0x00000000eab00000,0x00000000f6000000)
  from space 15872K, 84% used [0x00000000f6000000,0x00000000f6d09cf0,0x00000000f6f80000)
  to   space 16896K, 0% used [0x00000000fa980000,0x00000000fa980000,0x00000000fba00000)
 ParOldGen       total 107520K, used 40599K [0x00000000c0000000, 0x00000000c6900000, 0x00000000eab00000)
  object space 107520K, 37% used [0x00000000c0000000,0x00000000c27a5cd0,0x00000000c6900000)
 Metaspace       used 57677K, capacity 58794K, committed 60504K, reserved 1101824K
  class space    used 7739K, capacity 8085K, committed 8536K, reserved 1048576K
}
Event: 2067.594 GC heap before
{Heap before GC invocations=27 (full 3):
 PSYoungGen      total 201216K, used 198695K [0x00000000eab00000, 0x00000000fba00000, 0x0000000100000000)
  eden space 185344K, 100% used [0x00000000eab00000,0x00000000f6000000,0x00000000f6000000)
  from space 15872K, 84% used [0x00000000f6000000,0x00000000f6d09cf0,0x00000000f6f80000)
  to   space 16896K, 0% used [0x00000000fa980000,0x00000000fa980000,0x00000000fba00000)
 ParOldGen       total 107520K, used 40599K [0x00000000c0000000, 0x00000000c6900000, 0x00000000eab00000)
  object space 107520K, 37% used [0x00000000c0000000,0x00000000c27a5cd0,0x00000000c6900000)
 Metaspace       used 57681K, capacity 58794K, committed 60504K, reserved 1101824K
  class space    used 7739K, capacity 8085K, committed 8536K, reserved 1048576K
Event: 2067.648 GC heap after
Heap after GC invocations=27 (full 3):
 PSYoungGen      total 259584K, used 9761K [0x00000000eab00000, 0x00000000fb980000, 0x0000000100000000)
  eden space 243200K, 0% used [0x00000000eab00000,0x00000000eab00000,0x00000000f9880000)
  from space 16384K, 59% used [0x00000000fa980000,0x00000000fb308410,0x00000000fb980000)
  to   space 16896K, 0% used [0x00000000f9880000,0x00000000f9880000,0x00000000fa900000)
 ParOldGen       total 107520K, used 50568K [0x00000000c0000000, 0x00000000c6900000, 0x00000000eab00000)
  object space 107520K, 47% used [0x00000000c0000000,0x00000000c3162180,0x00000000c6900000)
 Metaspace       used 57681K, capacity 58794K, committed 60504K, reserved 1101824K
  class space    used 7739K, capacity 8085K, committed 8536K, reserved 1048576K
}
Event: 2070.033 GC heap before
{Heap before GC invocations=28 (full 3):
 PSYoungGen      total 259584K, used 252961K [0x00000000eab00000, 0x00000000fb980000, 0x0000000100000000)
  eden space 243200K, 100% used [0x00000000eab00000,0x00000000f9880000,0x00000000f9880000)
  from space 16384K, 59% used [0x00000000fa980000,0x00000000fb308410,0x00000000fb980000)
  to   space 16896K, 0% used [0x00000000f9880000,0x00000000f9880000,0x00000000fa900000)
 ParOldGen       total 107520K, used 50568K [0x00000000c0000000, 0x00000000c6900000, 0x00000000eab00000)
  object space 107520K, 47% used [0x00000000c0000000,0x00000000c3162180,0x00000000c6900000)
 Metaspace       used 57922K, capacity 58978K, committed 60760K, reserved 1101824K
  class space    used 7781K, capacity 8121K, committed 8536K, reserved 1048576K
Event: 2070.078 GC heap after
Heap after GC invocations=28 (full 3):
 PSYoungGen      total 260096K, used 8960K [0x00000000eab00000, 0x00000000fef80000, 0x0000000100000000)
  eden space 243200K, 0% used [0x00000000eab00000,0x00000000eab00000,0x00000000f9880000)
  from space 16896K, 53% used [0x00000000f9880000,0x00000000fa140060,0x00000000fa900000)
  to   space 16384K, 0% used [0x00000000fdf80000,0x00000000fdf80000,0x00000000fef80000)
 ParOldGen       total 107520K, used 57827K [0x00000000c0000000, 0x00000000c6900000, 0x00000000eab00000)
  object space 107520K, 53% used [0x00000000c0000000,0x00000000c3878ed8,0x00000000c6900000)
 Metaspace       used 57922K, capacity 58978K, committed 60760K, reserved 1101824K
  class space    used 7781K, capacity 8121K, committed 8536K, reserved 1048576K
}

